{"E:\\IT_and_programing\\Frontend\\8.0_Homeworks\\Task_4.1\\src\\js\\game.js": {"path":"E:\\IT_and_programing\\Frontend\\8.0_Homeworks\\Task_4.1\\src\\js\\game.js","statementMap":{"0":{"start":{"line":15,"column":4},"end":{"line":21,"column":5}},"1":{"start":{"line":16,"column":8},"end":{"line":16,"column":25}},"2":{"start":{"line":17,"column":11},"end":{"line":21,"column":5}},"3":{"start":{"line":18,"column":8},"end":{"line":18,"column":25}},"4":{"start":{"line":20,"column":8},"end":{"line":20,"column":26}}},"fnMap":{"0":{"name":"getHealth","decl":{"start":{"line":14,"column":24},"end":{"line":14,"column":33}},"loc":{"start":{"line":14,"column":43},"end":{"line":22,"column":1}},"line":14}},"branchMap":{"0":{"loc":{"start":{"line":15,"column":4},"end":{"line":21,"column":5}},"type":"if","locations":[{"start":{"line":15,"column":4},"end":{"line":21,"column":5}},{"start":{"line":15,"column":4},"end":{"line":21,"column":5}}],"line":15},"1":{"loc":{"start":{"line":17,"column":11},"end":{"line":21,"column":5}},"type":"if","locations":[{"start":{"line":17,"column":11},"end":{"line":21,"column":5}},{"start":{"line":17,"column":11},"end":{"line":21,"column":5}}],"line":17},"2":{"loc":{"start":{"line":17,"column":15},"end":{"line":17,"column":59}},"type":"binary-expr","locations":[{"start":{"line":17,"column":15},"end":{"line":17,"column":35}},{"start":{"line":17,"column":39},"end":{"line":17,"column":59}}],"line":17}},"s":{"0":7,"1":2,"2":5,"3":3,"4":2},"f":{"0":7},"b":{"0":[2,5],"1":[3,2],"2":[5,5]},"_coverageSchema":"1a1c01bbd47fc00a2c39e90264f33305004495a9","hash":"32ecaa306847cedc8ba740f2e5f8e402baa4d4e3"}
}
